#
# A fatal error has been detected by the Java Runtime Environment:
#
#  EXCEPTION_ACCESS_VIOLATION (0xc0000005) at pc=0x000000006b054d80, pid=5368, tid=0x0000000000002190
#
# JRE version: OpenJDK Runtime Environment (8.0_112-b06) (build 1.8.0_112-release-b06)
# Java VM: OpenJDK 64-Bit Server VM (25.112-b06 mixed mode windows-amd64 compressed oops)
# Problematic frame:
# V  [jvm.dll+0x114d80]
#
# Failed to write core dump. Minidumps are not enabled by default on client versions of Windows
#
# If you would like to submit a bug report, please visit:
#   http://bugreport.java.com/bugreport/crash.jsp
#

---------------  T H R E A D  ---------------

Current thread (0x0000000018624800):  JavaThread "Daemon worker" [_thread_in_vm, id=8592, stack(0x000000001a1c0000,0x000000001a2c0000)]

siginfo: ExceptionCode=0xc0000005, reading address 0x0000000218c222b0

Registers:
RAX=0x0000000001fcd110, RBX=0x0000000018d25610, RCX=0x0000000218c222b0, RDX=0x000000001905e83e
RSP=0x000000001a2b91f8, RBP=0x000000007d154d7c, RSI=0x0000000218c222b0, RDI=0x0000000000000001
R8 =0x0000000000000033, R9 =0x0000000000000033, R10=0x0000000000000065, R11=0x000000007d154d7c
R12=0x0000000000000033, R13=0x000000001905e83e, R14=0x0000000001fc1510, R15=0x000000001905e83e
RIP=0x000000006b054d80, EFLAGS=0x0000000000010246

Top of Stack: (sp=0x000000001a2b91f8)
0x000000001a2b91f8:   000000006af928b8 6432703663666d63
0x000000001a2b9208:   3363686f39753967 646172672f397768
0x000000001a2b9218:   6c2f332e332d656c 0000000000000020
0x000000001a2b9228:   0000000000000020 000000001a2b9a20
0x000000001a2b9238:   000000006af92994 0000000000000033
0x000000001a2b9248:   000000001a2b9380 000000001a2b9300
0x000000001a2b9258:   000000001905e83e 000000007d154d7c
0x000000001a2b9268:   0000000000000033 0000000000000033
0x000000001a2b9278:   000000006af70299 0000000000000033
0x000000001a2b9288:   0000000018624800 000000001a2b9380
0x000000001a2b9298:   000000006aec8d17 0000000000000000
0x000000001a2b92a8:   0000000000000078 0000000000000078
0x000000001a2b92b8:   00000000ffff0000 0000000018b83300
0x000000001a2b92c8:   0000003900000001 0000000000003700
0x000000001a2b92d8:   000000001905e5b0 000000001905eee2
0x000000001a2b92e8:   000000001905e871 000000001a2b9de0 

Instructions: (pc=0x000000006b054d80)
0x000000006b054d60:   fa ff 48 39 7b 08 48 8b 5c 24 40 48 0f 45 c7 48
0x000000006b054d70:   83 c4 30 5f c3 cc cc cc cc cc cc cc cc cc cc cc
0x000000006b054d80:   0f b7 01 4c 8b ca 4c 8b d1 41 3b c0 74 03 32 c0
0x000000006b054d90:   c3 48 8b d0 85 c0 7e 1e 48 8d 4c 08 08 4d 2b ca 


Register to memory mapping:

RAX=0x0000000001fcd110 is an unknown value
RBX=0x0000000018d25610 is an unknown value
RCX=0x0000000218c222b0 is an unknown value
RDX=0x000000001905e83e is an unknown value
RSP=0x000000001a2b91f8 is pointing into the stack for thread: 0x0000000018624800
RBP=0x000000007d154d7c is an unknown value
RSI=0x0000000218c222b0 is an unknown value
RDI=0x0000000000000001 is an unknown value
R8 =0x0000000000000033 is an unknown value
R9 =0x0000000000000033 is an unknown value
R10=0x0000000000000065 is an unknown value
R11=0x000000007d154d7c is an unknown value
R12=0x0000000000000033 is an unknown value
R13=0x000000001905e83e is an unknown value
R14=0x0000000001fc1510 is an unknown value
R15=0x000000001905e83e is an unknown value


Stack: [0x000000001a1c0000,0x000000001a2c0000],  sp=0x000000001a2b91f8,  free space=996k
Native frames: (J=compiled Java code, j=interpreted, Vv=VM code, C=native code)
V  [jvm.dll+0x114d80]

Java frames: (J=compiled Java code, j=interpreted, Vv=VM code)
J 516  java.lang.ClassLoader.defineClass1(Ljava/lang/String;[BIILjava/security/ProtectionDomain;Ljava/lang/String;)Ljava/lang/Class; (0 bytes) @ 0x000000000230529f [0x0000000002305200+0x9f]
J 430 C1 java.lang.ClassLoader.defineClass(Ljava/lang/String;[BIILjava/security/ProtectionDomain;)Ljava/lang/Class; (43 bytes) @ 0x00000000022c94e4 [0x00000000022c8f00+0x5e4]
J 392 C1 java.net.URLClassLoader.defineClass(Ljava/lang/String;Lsun/misc/Resource;)Ljava/lang/Class; (142 bytes) @ 0x00000000022a1fe4 [0x00000000022a0480+0x1b64]
J 327 C1 java.net.URLClassLoader$1.run()Ljava/lang/Class; (63 bytes) @ 0x000000000226fd94 [0x000000000226fae0+0x2b4]
J 326 C1 java.net.URLClassLoader$1.run()Ljava/lang/Object; (5 bytes) @ 0x000000000226f74c [0x000000000226f6c0+0x8c]
v  ~StubRoutines::call_stub
J 325  java.security.AccessController.doPrivileged(Ljava/security/PrivilegedExceptionAction;Ljava/security/AccessControlContext;)Ljava/lang/Object; (0 bytes) @ 0x000000000226f366 [0x000000000226f300+0x66]
J 248 C1 java.net.URLClassLoader.findClass(Ljava/lang/String;)Ljava/lang/Class; (47 bytes) @ 0x000000000223e904 [0x000000000223e780+0x184]
J 212 C1 java.lang.ClassLoader.loadClass(Ljava/lang/String;Z)Ljava/lang/Class; (122 bytes) @ 0x000000000222a1ac [0x0000000002229840+0x96c]
J 366 C1 java.lang.ClassLoader.loadClass(Ljava/lang/String;)Ljava/lang/Class; (7 bytes) @ 0x0000000002289e0c [0x0000000002289d00+0x10c]
v  ~StubRoutines::call_stub
j  com.google.common.cache.LocalCache.<clinit>()V+18
v  ~StubRoutines::call_stub
j  com.google.common.cache.LocalCache$LocalManualCache.<init>(Lcom/google/common/cache/CacheBuilder;)V+1
j  com.google.common.cache.CacheBuilder.build()Lcom/google/common/cache/Cache;+13
j  org.gradle.internal.file.JarCache.<init>()V+25
j  org.gradle.internal.service.scopes.GradleUserHomeScopeServices.createCachedClasspathTransformer(Lorg/gradle/cache/CacheRepository;Lorg/gradle/internal/service/ServiceRegistry;)Lorg/gradle/internal/classpath/CachedClasspathTransformer;+9
v  ~StubRoutines::call_stub
j  sun.reflect.NativeMethodAccessorImpl.invoke0(Ljava/lang/reflect/Method;Ljava/lang/Object;[Ljava/lang/Object;)Ljava/lang/Object;+0
j  sun.reflect.NativeMethodAccessorImpl.invoke(Ljava/lang/Object;[Ljava/lang/Object;)Ljava/lang/Object;+100
J 825 C1 sun.reflect.DelegatingMethodAccessorImpl.invoke(Ljava/lang/Object;[Ljava/lang/Object;)Ljava/lang/Object; (10 bytes) @ 0x0000000002419304 [0x0000000002419200+0x104]
J 810 C1 java.lang.reflect.Method.invoke(Ljava/lang/Object;[Ljava/lang/Object;)Ljava/lang/Object; (62 bytes) @ 0x000000000240ffec [0x000000000240fc00+0x3ec]
j  org.gradle.internal.reflect.JavaMethod.invoke(Ljava/lang/Object;[Ljava/lang/Object;)Ljava/lang/Object;+6
j  org.gradle.internal.service.DefaultServiceRegistry.invoke(Ljava/lang/reflect/Method;Ljava/lang/Object;[Ljava/lang/Object;)Ljava/lang/Object;+9
j  org.gradle.internal.service.DefaultServiceRegistry.access$1200(Ljava/lang/reflect/Method;Ljava/lang/Object;[Ljava/lang/Object;)Ljava/lang/Object;+3
j  org.gradle.internal.service.DefaultServiceRegistry$FactoryMethodService.invokeMethod([Ljava/lang/Object;)Ljava/lang/Object;+9
j  org.gradle.internal.service.DefaultServiceRegistry$FactoryService.create()Ljava/lang/Object;+7
j  org.gradle.internal.service.DefaultServiceRegistry$ManagedObjectProvider.getInstance()Ljava/lang/Object;+9
j  org.gradle.internal.service.DefaultServiceRegistry$SingletonService.get()Ljava/lang/Object;+1
j  org.gradle.internal.service.DefaultServiceRegistry.doGet(Ljava/lang/reflect/Type;)Ljava/lang/Object;+87
j  org.gradle.internal.service.DefaultServiceRegistry.get(Ljava/lang/reflect/Type;)Ljava/lang/Object;+2
j  org.gradle.internal.service.DefaultServiceRegistry$ParentServices.getService(Lorg/gradle/internal/service/DefaultServiceRegistry$LookupContext;Lorg/gradle/internal/service/DefaultServiceRegistry$TypeSpec;)Lorg/gradle/internal/service/DefaultServiceRegistry$ServiceProvider;+10
j  org.gradle.internal.service.DefaultServiceRegistry$CompositeProvider.getService(Lorg/gradle/internal/service/DefaultServiceRegistry$LookupContext;Lorg/gradle/internal/service/DefaultServiceRegistry$TypeSpec;)Lorg/gradle/internal/service/DefaultServiceRegistry$ServiceProvider;+34
j  org.gradle.internal.service.DefaultServiceRegistry$CachingProvider.getService(Lorg/gradle/internal/service/DefaultServiceRegistry$LookupContext;Lorg/gradle/internal/service/DefaultServiceRegistry$TypeSpec;)Lorg/gradle/internal/service/DefaultServiceRegistry$ServiceProvider;+32
j  org.gradle.internal.service.DefaultServiceRegistry$DefaultLookupContext$4.apply(Lorg/gradle/internal/service/DefaultServiceRegistry$LookupContext;Lorg/gradle/internal/service/DefaultServiceRegistry$Provider;)Lorg/gradle/internal/service/DefaultServiceRegistry$ServiceProvider;+6
j  org.gradle.internal.service.DefaultServiceRegistry$DefaultLookupContext$4.apply(Ljava/lang/Object;Ljava/lang/Object;)Ljava/lang/Object;+9
j  org.gradle.internal.service.DefaultServiceRegistry$DefaultLookupContext.getServiceProvider(Ljava/lang/reflect/Type;Lorg/gradle/internal/service/DefaultServiceRegistry$Provider;)Lorg/gradle/internal/service/DefaultServiceRegistry$ServiceProvider;+36
j  org.gradle.internal.service.DefaultServiceRegistry$DefaultLookupContext.find(Ljava/lang/reflect/Type;Lorg/gradle/internal/service/DefaultServiceRegistry$Provider;)Lorg/gradle/internal/service/DefaultServiceRegistry$ServiceProvider;+40
j  org.gradle.internal.service.DefaultServiceRegistry.getServiceProvider(Ljava/lang/reflect/Type;)Lorg/gradle/internal/service/DefaultServiceRegistry$ServiceProvider;+13
j  org.gradle.internal.service.DefaultServiceRegistry.doGet(Ljava/lang/reflect/Type;)Ljava/lang/Object;+70
j  org.gradle.internal.service.DefaultServiceRegistry.get(Ljava/lang/reflect/Type;)Ljava/lang/Object;+2
j  org.gradle.internal.service.DefaultServiceRegistry$ParentServices.getService(Lorg/gradle/internal/service/DefaultServiceRegistry$LookupContext;Lorg/gradle/internal/service/DefaultServiceRegistry$TypeSpec;)Lorg/gradle/internal/service/DefaultServiceRegistry$ServiceProvider;+10
j  org.gradle.internal.service.DefaultServiceRegistry$CompositeProvider.getService(Lorg/gradle/internal/service/DefaultServiceRegistry$LookupContext;Lorg/gradle/internal/service/DefaultServiceRegistry$TypeSpec;)Lorg/gradle/internal/service/DefaultServiceRegistry$ServiceProvider;+34
j  org.gradle.internal.service.DefaultServiceRegistry$CachingProvider.getService(Lorg/gradle/internal/service/DefaultServiceRegistry$LookupContext;Lorg/gradle/internal/service/DefaultServiceRegistry$TypeSpec;)Lorg/gradle/internal/service/DefaultServiceRegistry$ServiceProvider;+32
j  org.gradle.internal.service.DefaultServiceRegistry$DefaultLookupContext$4.apply(Lorg/gradle/internal/service/DefaultServiceRegistry$LookupContext;Lorg/gradle/internal/service/DefaultServiceRegistry$Provider;)Lorg/gradle/internal/service/DefaultServiceRegistry$ServiceProvider;+6
j  org.gradle.internal.service.DefaultServiceRegistry$DefaultLookupContext$4.apply(Ljava/lang/Object;Ljava/lang/Object;)Ljava/lang/Object;+9
j  org.gradle.internal.service.DefaultServiceRegistry$DefaultLookupContext.getServiceProvider(Ljava/lang/reflect/Type;Lorg/gradle/internal/service/DefaultServiceRegistry$Provider;)Lorg/gradle/internal/service/DefaultServiceRegistry$ServiceProvider;+36
j  org.gradle.internal.service.DefaultServiceRegistry$DefaultLookupContext.find(Ljava/lang/reflect/Type;Lorg/gradle/internal/service/DefaultServiceRegistry$Provider;)Lorg/gradle/internal/service/DefaultServiceRegistry$ServiceProvider;+40
j  org.gradle.internal.service.DefaultServiceRegistry$FactoryService.bind(Lorg/gradle/internal/service/DefaultServiceRegistry$LookupContext;)V+64
J 702 C1 org.gradle.internal.service.DefaultServiceRegistry$SingletonService.getService(Lorg/gradle/internal/service/DefaultServiceRegistry$LookupContext;Lorg/gradle/internal/service/DefaultServiceRegistry$TypeSpec;)Lorg/gradle/internal/service/DefaultServiceRegistry$ServiceProvider; (21 bytes) @ 0x00000000023b3264 [0x00000000023b2fe0+0x284]
j  org.gradle.internal.service.DefaultServiceRegistry$OwnServices.getService(Lorg/gradle/internal/service/DefaultServiceRegistry$LookupContext;Lorg/gradle/internal/service/DefaultServiceRegistry$TypeSpec;)Lorg/gradle/internal/service/DefaultServiceRegistry$ServiceProvider;+54
j  org.gradle.internal.service.DefaultServiceRegistry$CompositeProvider.getService(Lorg/gradle/internal/service/DefaultServiceRegistry$LookupContext;Lorg/gradle/internal/service/DefaultServiceRegistry$TypeSpec;)Lorg/gradle/internal/service/DefaultServiceRegistry$ServiceProvider;+34
j  org.gradle.internal.service.DefaultServiceRegistry$CachingProvider.getService(Lorg/gradle/internal/service/DefaultServiceRegistry$LookupContext;Lorg/gradle/internal/service/DefaultServiceRegistry$TypeSpec;)Lorg/gradle/internal/service/DefaultServiceRegistry$ServiceProvider;+32
j  org.gradle.internal.service.DefaultServiceRegistry$DefaultLookupContext$4.apply(Lorg/gradle/internal/service/DefaultServiceRegistry$LookupContext;Lorg/gradle/internal/service/DefaultServiceRegistry$Provider;)Lorg/gradle/internal/service/DefaultServiceRegistry$ServiceProvider;+6
j  org.gradle.internal.service.DefaultServiceRegistry$DefaultLookupContext$4.apply(Ljava/lang/Object;Ljava/lang/Object;)Ljava/lang/Object;+9
j  org.gradle.internal.service.DefaultServiceRegistry$DefaultLookupContext.getServiceProvider(Ljava/lang/reflect/Type;Lorg/gradle/internal/service/DefaultServiceRegistry$Provider;)Lorg/gradle/internal/service/DefaultServiceRegistry$ServiceProvider;+36
j  org.gradle.internal.service.DefaultServiceRegistry$DefaultLookupContext.find(Ljava/lang/reflect/Type;Lorg/gradle/internal/service/DefaultServiceRegistry$Provider;)Lorg/gradle/internal/service/DefaultServiceRegistry$ServiceProvider;+40
j  org.gradle.internal.service.DefaultServiceRegistry.getServiceProvider(Ljava/lang/reflect/Type;)Lorg/gradle/internal/service/DefaultServiceRegistry$ServiceProvider;+13
j  org.gradle.internal.service.DefaultServiceRegistry.doGet(Ljava/lang/reflect/Type;)Ljava/lang/Object;+70
j  org.gradle.internal.service.DefaultServiceRegistry.get(Ljava/lang/Class;)Ljava/lang/Object;+3
j  org.gradle.initialization.DefaultGradleLauncherFactory.doNewInstance(Lorg/gradle/StartParameter;Lorg/gradle/initialization/GradleLauncher;Lorg/gradle/initialization/BuildCancellationToken;Lorg/gradle/initialization/BuildRequestMetaData;Lorg/gradle/initialization/BuildEventConsumer;Lorg/gradle/internal/service/scopes/BuildSessionScopeServices;Ljava/util/List;)Lorg/gradle/initialization/DefaultGradleLauncher;+401
j  org.gradle.initialization.DefaultGradleLauncherFactory.newInstance(Lorg/gradle/StartParameter;Lorg/gradle/initialization/BuildRequestContext;Lorg/gradle/internal/service/ServiceRegistry;)Lorg/gradle/initialization/GradleLauncher;+69
j  org.gradle.launcher.exec.InProcessBuildActionExecuter.execute(Lorg/gradle/internal/invocation/BuildAction;Lorg/gradle/initialization/BuildRequestContext;Lorg/gradle/launcher/exec/BuildActionParameters;Lorg/gradle/internal/service/ServiceRegistry;)Ljava/lang/Object;+13
j  org.gradle.launcher.exec.InProcessBuildActionExecuter.execute(Lorg/gradle/internal/invocation/BuildAction;Lorg/gradle/initialization/BuildRequestContext;Ljava/lang/Object;Lorg/gradle/internal/service/ServiceRegistry;)Ljava/lang/Object;+9
j  org.gradle.tooling.internal.provider.ContinuousBuildActionExecuter.execute(Lorg/gradle/internal/invocation/BuildAction;Lorg/gradle/initialization/BuildRequestContext;Lorg/gradle/launcher/exec/BuildActionParameters;Lorg/gradle/internal/service/ServiceRegistry;)Ljava/lang/Object;+28
j  org.gradle.tooling.internal.provider.ContinuousBuildActionExecuter.execute(Lorg/gradle/internal/invocation/BuildAction;Lorg/gradle/initialization/BuildRequestContext;Ljava/lang/Object;Lorg/gradle/internal/service/ServiceRegistry;)Ljava/lang/Object;+9
j  org.gradle.tooling.internal.provider.ServicesSetupBuildActionExecuter.execute(Lorg/gradle/internal/invocation/BuildAction;Lorg/gradle/initialization/BuildRequestContext;Lorg/gradle/launcher/exec/BuildActionParameters;Lorg/gradle/internal/service/ServiceRegistry;)Ljava/lang/Object;+52
j  org.gradle.tooling.internal.provider.ServicesSetupBuildActionExecuter.execute(Lorg/gradle/internal/invocation/BuildAction;Lorg/gradle/initialization/BuildRequestContext;Ljava/lang/Object;Lorg/gradle/internal/service/ServiceRegistry;)Ljava/lang/Object;+9
j  org.gradle.launcher.daemon.server.exec.ExecuteBuild.doBuild(Lorg/gradle/launcher/daemon/server/api/DaemonCommandExecution;Lorg/gradle/launcher/daemon/protocol/Build;)V+114
j  org.gradle.launcher.daemon.server.exec.BuildCommandOnly.execute(Lorg/gradle/launcher/daemon/server/api/DaemonCommandExecution;)V+49
j  org.gradle.launcher.daemon.server.api.DaemonCommandExecution.proceed()Z+28
j  org.gradle.launcher.daemon.server.exec.WatchForDisconnection.execute(Lorg/gradle/launcher/daemon/server/api/DaemonCommandExecution;)V+19
j  org.gradle.launcher.daemon.server.api.DaemonCommandExecution.proceed()Z+28
j  org.gradle.launcher.daemon.server.exec.ResetDeprecationLogger.execute(Lorg/gradle/launcher/daemon/server/api/DaemonCommandExecution;)V+4
j  org.gradle.launcher.daemon.server.api.DaemonCommandExecution.proceed()Z+28
j  org.gradle.launcher.daemon.server.exec.RequestStopIfSingleUsedDaemon.execute(Lorg/gradle/launcher/daemon/server/api/DaemonCommandExecution;)V+33
j  org.gradle.launcher.daemon.server.api.DaemonCommandExecution.proceed()Z+28
j  org.gradle.launcher.daemon.server.exec.ForwardClientInput$2.call()Ljava/lang/Void;+4
j  org.gradle.launcher.daemon.server.exec.ForwardClientInput$2.call()Ljava/lang/Object;+1
j  org.gradle.util.Swapper.swap(Ljava/lang/Object;Ljava/util/concurrent/Callable;)Ljava/lang/Object;+21
j  org.gradle.launcher.daemon.server.exec.ForwardClientInput.execute(Lorg/gradle/launcher/daemon/server/api/DaemonCommandExecution;)V+63
j  org.gradle.launcher.daemon.server.api.DaemonCommandExecution.proceed()Z+28
j  org.gradle.launcher.daemon.server.exec.LogAndCheckHealth.execute(Lorg/gradle/launcher/daemon/server/api/DaemonCommandExecution;)V+28
j  org.gradle.launcher.daemon.server.api.DaemonCommandExecution.proceed()Z+28
j  org.gradle.launcher.daemon.server.exec.LogToClient.doBuild(Lorg/gradle/launcher/daemon/server/api/DaemonCommandExecution;Lorg/gradle/launcher/daemon/protocol/Build;)V+87
j  org.gradle.launcher.daemon.server.exec.BuildCommandOnly.execute(Lorg/gradle/launcher/daemon/server/api/DaemonCommandExecution;)V+49
j  org.gradle.launcher.daemon.server.api.DaemonCommandExecution.proceed()Z+28
j  org.gradle.launcher.daemon.server.exec.EstablishBuildEnvironment.doBuild(Lorg/gradle/launcher/daemon/server/api/DaemonCommandExecution;Lorg/gradle/launcher/daemon/protocol/Build;)V+279
j  org.gradle.launcher.daemon.server.exec.BuildCommandOnly.execute(Lorg/gradle/launcher/daemon/server/api/DaemonCommandExecution;)V+49
j  org.gradle.launcher.daemon.server.api.DaemonCommandExecution.proceed()Z+28
j  org.gradle.launcher.daemon.server.exec.StartBuildOrRespondWithBusy$1.run()V+44
j  org.gradle.launcher.daemon.server.DaemonStateCoordinator$1.run()V+4
j  org.gradle.internal.concurrent.ExecutorPolicy$CatchAndRecordFailures.onExecute(Ljava/lang/Runnable;)V+1
j  org.gradle.internal.concurrent.StoppableExecutorImpl$1.run()V+25
j  java.util.concurrent.ThreadPoolExecutor.runWorker(Ljava/util/concurrent/ThreadPoolExecutor$Worker;)V+95
j  java.util.concurrent.ThreadPoolExecutor$Worker.run()V+5
j  java.lang.Thread.run()V+11
v  ~StubRoutines::call_stub

---------------  P R O C E S S  ---------------

Java Threads: ( => current thread )
  0x0000000018d86000 JavaThread "Stdin handler" [_thread_blocked, id=6792, stack(0x000000001a3c0000,0x000000001a4c0000)]
  0x0000000018d85000 JavaThread "Asynchronous log dispatcher for DefaultDaemonConnection: socket connection from /127.0.0.1:49849 to /127.0.0.1:49850" [_thread_in_Java, id=8924, stack(0x000000001a2c0000,0x000000001a3c0000)]
=>0x0000000018624800 JavaThread "Daemon worker" [_thread_in_vm, id=8592, stack(0x000000001a1c0000,0x000000001a2c0000)]
  0x00000000183cc000 JavaThread "Cancel handler" [_thread_blocked, id=440, stack(0x000000001a0c0000,0x000000001a1c0000)]
  0x0000000018d6a800 JavaThread "pool-1-thread-1" [_thread_blocked, id=8400, stack(0x0000000019fc0000,0x000000001a0c0000)]
  0x00000000188e2800 JavaThread "Handler for socket connection from /127.0.0.1:49849 to /127.0.0.1:49850" [_thread_in_native, id=8380, stack(0x0000000019ec0000,0x0000000019fc0000)]
  0x00000000184e8800 JavaThread "Daemon" [_thread_blocked, id=704, stack(0x0000000019dc0000,0x0000000019ec0000)]
  0x0000000018946800 JavaThread "Incoming local TCP Connector on port 49849" [_thread_in_native, id=8524, stack(0x00000000196f0000,0x00000000197f0000)]
  0x0000000015a9e000 JavaThread "Service Thread" daemon [_thread_blocked, id=8364, stack(0x00000000177e0000,0x00000000178e0000)]
  0x00000000172e8800 JavaThread "C1 CompilerThread2" daemon [_thread_blocked, id=7596, stack(0x00000000176e0000,0x00000000177e0000)]
  0x0000000015a3f000 JavaThread "C2 CompilerThread1" daemon [_thread_blocked, id=8680, stack(0x00000000171e0000,0x00000000172e0000)]
  0x0000000015a3a000 JavaThread "C2 CompilerThread0" daemon [_thread_blocked, id=8664, stack(0x00000000170e0000,0x00000000171e0000)]
  0x0000000015a38800 JavaThread "Attach Listener" daemon [_thread_blocked, id=8684, stack(0x0000000016fe0000,0x00000000170e0000)]
  0x0000000015a37000 JavaThread "Signal Dispatcher" daemon [_thread_blocked, id=8660, stack(0x0000000016ee0000,0x0000000016fe0000)]
  0x00000000020a5000 JavaThread "Finalizer" daemon [_thread_blocked, id=8628, stack(0x0000000016cb0000,0x0000000016db0000)]
  0x00000000020a0000 JavaThread "Reference Handler" daemon [_thread_blocked, id=5656, stack(0x0000000016bb0000,0x0000000016cb0000)]
  0x0000000001fb0800 JavaThread "main" [_thread_blocked, id=5672, stack(0x0000000001e70000,0x0000000001f70000)]

Other Threads:
  0x0000000015a05000 VMThread [stack: 0x0000000016ab0000,0x0000000016bb0000] [id=5652]
  0x00000000172ea800 WatcherThread [stack: 0x00000000178e0000,0x00000000179e0000] [id=684]

VM state:not at safepoint (normal execution)

VM Mutex/Monitor currently owned by a thread: None

Heap:
 PSYoungGen      total 34816K, used 20898K [0x00000000e0000000, 0x00000000e2680000, 0x0000000100000000)
  eden space 30208K, 53% used [0x00000000e0000000,0x00000000e0febed8,0x00000000e1d80000)
  from space 4608K, 99% used [0x00000000e2200000,0x00000000e267cb70,0x00000000e2680000)
  to   space 4608K, 0% used [0x00000000e1d80000,0x00000000e1d80000,0x00000000e2200000)
 ParOldGen       total 79360K, used 922K [0x00000000a0000000, 0x00000000a4d80000, 0x00000000e0000000)
  object space 79360K, 1% used [0x00000000a0000000,0x00000000a00e6bb8,0x00000000a4d80000)
 Metaspace       used 13932K, capacity 14226K, committed 14336K, reserved 1060864K
  class space    used 1879K, capacity 2002K, committed 2048K, reserved 1048576K

Card table byte_map: [0x0000000011470000,0x0000000011780000] byte_map_base: 0x0000000010f70000

Marking Bits: (ParMarkBitMap*) 0x000000006b7018f0
 Begin Bits: [0x0000000011d80000, 0x0000000013580000)
 End Bits:   [0x0000000013580000, 0x0000000014d80000)

Polling page: 0x0000000001f70000

CodeCache: size=245760Kb used=4469Kb max_used=4492Kb free=241290Kb
 bounds [0x00000000020b0000, 0x0000000002520000, 0x00000000110b0000]
 total_blobs=1605 nmethods=1224 adapters=296
 compilation: enabled

Compilation events (10 events):
Event: 3.088 Thread 0x0000000015a3f000 1220       4       org.gradle.internal.service.DefaultServiceRegistry$ClassSpec::isSatisfiedBy (9 bytes)
Event: 3.089 Thread 0x00000000172e8800 1222       3       sun.reflect.ReflectionFactory::inflationThreshold (4 bytes)
Event: 3.090 Thread 0x00000000172e8800 nmethod 1222 0x0000000002509050 code [0x00000000025091a0, 0x00000000025092d0]
Event: 3.090 Thread 0x0000000015a3f000 nmethod 1220 0x0000000002507450 code [0x00000000025075c0, 0x0000000002507898]
Event: 3.090 Thread 0x0000000015a3f000 1221       4       org.gradle.internal.service.DefaultServiceRegistry$ClassSpec::isSatisfiedBy (67 bytes)
Event: 3.092 Thread 0x0000000015a3f000 nmethod 1221 0x0000000002506e50 code [0x0000000002506fa0, 0x0000000002507218]
Event: 3.095 Thread 0x0000000015a3f000 1223   !   4       java.util.zip.ZipFile$ZipFileInputStream::close (110 bytes)
Event: 3.101 Thread 0x0000000015a3f000 nmethod 1223 0x000000000250a690 code [0x000000000250a820, 0x000000000250b0e8]
Event: 3.101 Thread 0x0000000015a3f000 1224       4       java.nio.DirectLongBufferU::put (18 bytes)
Event: 3.102 Thread 0x0000000015a3f000 nmethod 1224 0x000000000250bc50 code [0x000000000250bd80, 0x000000000250be18]

GC Heap History (4 events):
Event: 1.913 GC heap before
{Heap before GC invocations=1 (full 0):
 PSYoungGen      total 34816K, used 30208K [0x00000000e0000000, 0x00000000e2680000, 0x0000000100000000)
  eden space 30208K, 100% used [0x00000000e0000000,0x00000000e1d80000,0x00000000e1d80000)
  from space 4608K, 0% used [0x00000000e2200000,0x00000000e2200000,0x00000000e2680000)
  to   space 4608K, 0% used [0x00000000e1d80000,0x00000000e1d80000,0x00000000e2200000)
 ParOldGen       total 79360K, used 0K [0x00000000a0000000, 0x00000000a4d80000, 0x00000000e0000000)
  object space 79360K, 0% used [0x00000000a0000000,0x00000000a0000000,0x00000000a4d80000)
 Metaspace       used 6773K, capacity 6964K, committed 7040K, reserved 1056768K
  class space    used 833K, capacity 892K, committed 896K, reserved 1048576K
Event: 1.920 GC heap after
Heap after GC invocations=1 (full 0):
 PSYoungGen      total 34816K, used 4074K [0x00000000e0000000, 0x00000000e2680000, 0x0000000100000000)
  eden space 30208K, 0% used [0x00000000e0000000,0x00000000e0000000,0x00000000e1d80000)
  from space 4608K, 88% used [0x00000000e1d80000,0x00000000e217a848,0x00000000e2200000)
  to   space 4608K, 0% used [0x00000000e2200000,0x00000000e2200000,0x00000000e2680000)
 ParOldGen       total 79360K, used 8K [0x00000000a0000000, 0x00000000a4d80000, 0x00000000e0000000)
  object space 79360K, 0% used [0x00000000a0000000,0x00000000a0002000,0x00000000a4d80000)
 Metaspace       used 6773K, capacity 6964K, committed 7040K, reserved 1056768K
  class space    used 833K, capacity 892K, committed 896K, reserved 1048576K
}
Event: 2.918 GC heap before
{Heap before GC invocations=2 (full 0):
 PSYoungGen      total 34816K, used 34282K [0x00000000e0000000, 0x00000000e2680000, 0x0000000100000000)
  eden space 30208K, 100% used [0x00000000e0000000,0x00000000e1d80000,0x00000000e1d80000)
  from space 4608K, 88% used [0x00000000e1d80000,0x00000000e217a848,0x00000000e2200000)
  to   space 4608K, 0% used [0x00000000e2200000,0x00000000e2200000,0x00000000e2680000)
 ParOldGen       total 79360K, used 8K [0x00000000a0000000, 0x00000000a4d80000, 0x00000000e0000000)
  object space 79360K, 0% used [0x00000000a0000000,0x00000000a0002000,0x00000000a4d80000)
 Metaspace       used 12677K, capacity 12992K, committed 13056K, reserved 1060864K
  class space    used 1643K, capacity 1743K, committed 1792K, reserved 1048576K
Event: 2.928 GC heap after
Heap after GC invocations=2 (full 0):
 PSYoungGen      total 34816K, used 4594K [0x00000000e0000000, 0x00000000e2680000, 0x0000000100000000)
  eden space 30208K, 0% used [0x00000000e0000000,0x00000000e0000000,0x00000000e1d80000)
  from space 4608K, 99% used [0x00000000e2200000,0x00000000e267cb70,0x00000000e2680000)
  to   space 4608K, 0% used [0x00000000e1d80000,0x00000000e1d80000,0x00000000e2200000)
 ParOldGen       total 79360K, used 922K [0x00000000a0000000, 0x00000000a4d80000, 0x00000000e0000000)
  object space 79360K, 1% used [0x00000000a0000000,0x00000000a00e6bb8,0x00000000a4d80000)
 Metaspace       used 12677K, capacity 12992K, committed 13056K, reserved 1060864K
  class space    used 1643K, capacity 1743K, committed 1792K, reserved 1048576K
}

Deoptimization events (10 events):
Event: 2.310 Thread 0x0000000001fb0800 Uncommon trap: reason=unstable_if action=reinterpret pc=0x0000000002305c0c method=java.util.HashMap.getNode(ILjava/lang/Object;)Ljava/util/HashMap$Node; @ 129
Event: 2.310 Thread 0x0000000001fb0800 Uncommon trap: reason=unstable_if action=reinterpret pc=0x0000000002301c70 method=java.util.HashMap.getNode(ILjava/lang/Object;)Ljava/util/HashMap$Node; @ 129
Event: 2.413 Thread 0x0000000001fb0800 Uncommon trap: reason=unstable_if action=reinterpret pc=0x00000000023ce874 method=java.io.WinNTFileSystem.normalize(Ljava/lang/String;)Ljava/lang/String; @ 128
Event: 2.413 Thread 0x0000000001fb0800 Uncommon trap: reason=unstable_if action=reinterpret pc=0x00000000023bbd5c method=java.io.WinNTFileSystem.normalize(Ljava/lang/String;II)Ljava/lang/String; @ 90
Event: 2.440 Thread 0x0000000001fb0800 Uncommon trap: reason=unstable_if action=reinterpret pc=0x000000000234a194 method=java.lang.String.substring(I)Ljava/lang/String; @ 35
Event: 2.774 Thread 0x0000000001fb0800 Uncommon trap: reason=unstable_if action=reinterpret pc=0x0000000002353130 method=java.util.LinkedHashMap.afterNodeInsertion(Z)V @ 1
Event: 2.943 Thread 0x0000000018624800 Uncommon trap: reason=bimorphic action=maybe_recompile pc=0x000000000248f424 method=java.util.HashMap.putVal(ILjava/lang/Object;Ljava/lang/Object;ZZ)Ljava/lang/Object; @ 253
Event: 2.943 Thread 0x0000000018624800 Uncommon trap: reason=bimorphic action=maybe_recompile pc=0x000000000248f424 method=java.util.HashMap.putVal(ILjava/lang/Object;Ljava/lang/Object;ZZ)Ljava/lang/Object; @ 253
Event: 2.943 Thread 0x0000000018624800 Uncommon trap: reason=bimorphic action=maybe_recompile pc=0x000000000248f424 method=java.util.HashMap.putVal(ILjava/lang/Object;Ljava/lang/Object;ZZ)Ljava/lang/Object; @ 253
Event: 2.943 Thread 0x0000000018624800 Uncommon trap: reason=bimorphic action=maybe_recompile pc=0x000000000248f424 method=java.util.HashMap.putVal(ILjava/lang/Object;Ljava/lang/Object;ZZ)Ljava/lang/Object; @ 253

Internal exceptions (10 events):
Event: 2.877 Thread 0x00000000188e2800 Exception <a 'java/lang/NoSuchMethodError': <clinit>> (0x00000000e1c1b510) thrown at [C:\src\android\AOSP-openjdk\external\jetbrains\jdk\hotspot\src\share\vm\prims\jni.cpp, line 1613]
Event: 2.879 Thread 0x00000000188e2800 Exception <a 'java/lang/NoSuchMethodError': <clinit>> (0x00000000e1c2cb20) thrown at [C:\src\android\AOSP-openjdk\external\jetbrains\jdk\hotspot\src\share\vm\prims\jni.cpp, line 1613]
Event: 2.897 Thread 0x00000000188e2800 Exception <a 'java/lang/NoSuchMethodError': <clinit>> (0x00000000e1ca8410) thrown at [C:\src\android\AOSP-openjdk\external\jetbrains\jdk\hotspot\src\share\vm\prims\jni.cpp, line 1613]
Event: 2.899 Thread 0x00000000188e2800 Exception <a 'java/lang/NoSuchMethodError': <clinit>> (0x00000000e1cb8af0) thrown at [C:\src\android\AOSP-openjdk\external\jetbrains\jdk\hotspot\src\share\vm\prims\jni.cpp, line 1613]
Event: 2.902 Thread 0x00000000188e2800 Exception <a 'java/lang/NoSuchMethodError': <clinit>> (0x00000000e1cda2b8) thrown at [C:\src\android\AOSP-openjdk\external\jetbrains\jdk\hotspot\src\share\vm\prims\jni.cpp, line 1613]
Event: 2.930 Thread 0x0000000018624800 Exception <a 'java/lang/NoSuchMethodError': <clinit>> (0x00000000e003ded8) thrown at [C:\src\android\AOSP-openjdk\external\jetbrains\jdk\hotspot\src\share\vm\prims\jni.cpp, line 1613]
Event: 2.932 Thread 0x0000000018624800 Exception <a 'java/lang/NoSuchMethodError': <clinit>> (0x00000000e0046160) thrown at [C:\src\android\AOSP-openjdk\external\jetbrains\jdk\hotspot\src\share\vm\prims\jni.cpp, line 1613]
Event: 2.972 Thread 0x0000000018624800 Exception <a 'java/lang/ArrayIndexOutOfBoundsException'> (0x00000000e0298dd0) thrown at [C:\src\android\AOSP-openjdk\external\jetbrains\jdk\hotspot\src\share\vm\runtime\sharedRuntime.cpp, line 605]
Event: 2.985 Thread 0x0000000018624800 Exception <a 'java/lang/ArrayIndexOutOfBoundsException'> (0x00000000e036b408) thrown at [C:\src\android\AOSP-openjdk\external\jetbrains\jdk\hotspot\src\share\vm\runtime\sharedRuntime.cpp, line 605]
Event: 2.985 Thread 0x0000000018624800 Exception <a 'java/lang/ArrayIndexOutOfBoundsException'> (0x00000000e036c820) thrown at [C:\src\android\AOSP-openjdk\external\jetbrains\jdk\hotspot\src\share\vm\runtime\sharedRuntime.cpp, line 605]

Events (10 events):
Event: 3.117 loading class com/google/common/util/concurrent/AbstractListeningExecutorService
Event: 3.117 loading class com/google/common/util/concurrent/AbstractListeningExecutorService done
Event: 3.118 loading class java/util/concurrent/CancellationException
Event: 3.118 loading class java/util/concurrent/CancellationException done
Event: 3.118 loading class com/google/common/util/concurrent/ListenableFuture
Event: 3.118 loading class com/google/common/util/concurrent/ListenableFuture done
Event: 3.118 loading class java/util/concurrent/RejectedExecutionException
Event: 3.118 loading class java/util/concurrent/RejectedExecutionException done
Event: 3.119 loading class com/google/common/cache/LocalCache$1
Event: 3.119 loading class com/google/common/cache/LocalCache$1 done


Dynamic libraries:
0x00007ff6e6ab0000 - 0x00007ff6e6ae1000 	C:\Program Files\Android\Android Studio\jre\bin\java.exe
0x00007ff9f0250000 - 0x00007ff9f042b000 	C:\Windows\SYSTEM32\ntdll.dll
0x00007ff9dcb20000 - 0x00007ff9dcb53000 	C:\Program Files\AVAST Software\Avast\x64\aswhooka.dll
0x00007ff9f0000000 - 0x00007ff9f00ae000 	C:\Windows\System32\KERNEL32.DLL
0x00007ff9ec910000 - 0x00007ff9ecb59000 	C:\Windows\System32\KERNELBASE.dll
0x00007ff9efb40000 - 0x00007ff9efbe1000 	C:\Windows\System32\ADVAPI32.dll
0x00007ff9ef780000 - 0x00007ff9ef81d000 	C:\Windows\System32\msvcrt.dll
0x00007ff9ef720000 - 0x00007ff9ef779000 	C:\Windows\System32\sechost.dll
0x00007ff9efbf0000 - 0x00007ff9efd15000 	C:\Windows\System32\RPCRT4.dll
0x00007ff9ee0d0000 - 0x00007ff9ee21a000 	C:\Windows\System32\USER32.dll
0x00007ff9ece40000 - 0x00007ff9ece5e000 	C:\Windows\System32\win32u.dll
0x00007ff9efb00000 - 0x00007ff9efb27000 	C:\Windows\System32\GDI32.dll
0x00007ff9ed5b0000 - 0x00007ff9ed739000 	C:\Windows\System32\gdi32full.dll
0x00007ff9ec870000 - 0x00007ff9ec90a000 	C:\Windows\System32\msvcp_win.dll
0x00007ff9ec770000 - 0x00007ff9ec866000 	C:\Windows\System32\ucrtbase.dll
0x00007ff9dfd90000 - 0x00007ff9dfff7000 	C:\Windows\WinSxS\amd64_microsoft.windows.common-controls_6595b64144ccf1df_6.0.15063.0_none_108e4f62dfe5d999\COMCTL32.dll
0x00007ff9ed990000 - 0x00007ff9edc89000 	C:\Windows\System32\combase.dll
0x00007ff9ed740000 - 0x00007ff9ed7aa000 	C:\Windows\System32\bcryptPrimitives.dll
0x00007ff9efab0000 - 0x00007ff9efadd000 	C:\Windows\System32\IMM32.DLL
0x000000006ae60000 - 0x000000006af32000 	C:\Program Files\Android\Android Studio\jre\jre\bin\msvcr100.dll
0x000000006af40000 - 0x000000006b77c000 	C:\Program Files\Android\Android Studio\jre\jre\bin\server\jvm.dll
0x00007ff9efb30000 - 0x00007ff9efb38000 	C:\Windows\System32\PSAPI.DLL
0x00007ff9e0040000 - 0x00007ff9e0049000 	C:\Windows\SYSTEM32\WSOCK32.dll
0x00007ff9ed7b0000 - 0x00007ff9ed81c000 	C:\Windows\System32\WS2_32.dll
0x00007ff9ea6e0000 - 0x00007ff9ea703000 	C:\Windows\SYSTEM32\WINMM.dll
0x00007ff9eaaf0000 - 0x00007ff9eaafa000 	C:\Windows\SYSTEM32\VERSION.dll
0x00007ff9ea6b0000 - 0x00007ff9ea6db000 	C:\Windows\SYSTEM32\WINMMBASE.dll
0x00007ff9ece60000 - 0x00007ff9ecea9000 	C:\Windows\System32\cfgmgr32.dll
0x00007ff9df7c0000 - 0x00007ff9df7cf000 	C:\Program Files\Android\Android Studio\jre\jre\bin\verify.dll
0x00007ff9deef0000 - 0x00007ff9def19000 	C:\Program Files\Android\Android Studio\jre\jre\bin\java.dll
0x00007ff9deed0000 - 0x00007ff9deee6000 	C:\Program Files\Android\Android Studio\jre\jre\bin\zip.dll
0x00007ff9ee240000 - 0x00007ff9ef677000 	C:\Windows\System32\SHELL32.dll
0x00007ff9efe90000 - 0x00007ff9eff3a000 	C:\Windows\System32\shcore.dll
0x00007ff9eceb0000 - 0x00007ff9ed5a2000 	C:\Windows\System32\windows.storage.dll
0x00007ff9ef9f0000 - 0x00007ff9efa41000 	C:\Windows\System32\shlwapi.dll
0x00007ff9ec700000 - 0x00007ff9ec711000 	C:\Windows\System32\kernel.appcore.dll
0x00007ff9ec720000 - 0x00007ff9ec76c000 	C:\Windows\System32\powrprof.dll
0x00007ff9ec6e0000 - 0x00007ff9ec6f5000 	C:\Windows\System32\profapi.dll
0x00007ff9dedf0000 - 0x00007ff9dee0a000 	C:\Program Files\Android\Android Studio\jre\jre\bin\net.dll
0x00007ff9ebca0000 - 0x00007ff9ebcfc000 	C:\Windows\system32\mswsock.dll
0x00007ff9dedd0000 - 0x00007ff9dede1000 	C:\Program Files\Android\Android Studio\jre\jre\bin\nio.dll
0x00007ff9e1520000 - 0x00007ff9e153e000 	C:\Users\Lukas\.gradle\native\23\windows-amd64\native-platform.dll
0x00007ff9ec270000 - 0x00007ff9ec287000 	C:\Windows\SYSTEM32\CRYPTSP.dll
0x00007ff9eb8c0000 - 0x00007ff9eb8f4000 	C:\Windows\system32\rsaenh.dll
0x00007ff9ec0d0000 - 0x00007ff9ec0f5000 	C:\Windows\SYSTEM32\bcrypt.dll
0x00007ff9ec5f0000 - 0x00007ff9ec619000 	C:\Windows\SYSTEM32\USERENV.dll
0x00007ff9ebe40000 - 0x00007ff9ebe4b000 	C:\Windows\SYSTEM32\CRYPTBASE.dll
0x00007ff9eba40000 - 0x00007ff9eba77000 	C:\Windows\SYSTEM32\IPHLPAPI.DLL
0x00007ff9ee230000 - 0x00007ff9ee238000 	C:\Windows\System32\NSI.dll
0x00007ff9e6e00000 - 0x00007ff9e6e16000 	C:\Windows\SYSTEM32\dhcpcsvc6.DLL
0x00007ff9e71e0000 - 0x00007ff9e71fa000 	C:\Windows\SYSTEM32\dhcpcsvc.DLL
0x00007ff9db3d0000 - 0x00007ff9db3dd000 	C:\Program Files\Android\Android Studio\jre\jre\bin\management.dll
0x00007ff9ec290000 - 0x00007ff9ec439000 	C:\Windows\SYSTEM32\dbghelp.dll

VM Arguments:
jvm_args: -Xmx1536m -Dfile.encoding=windows-1252 -Duser.country=AT -Duser.language=de -Duser.variant 
java_command: org.gradle.launcher.daemon.bootstrap.GradleDaemon 3.3
java_class_path (initial): C:\Users\Lukas\.gradle\wrapper\dists\gradle-3.3-all\55gk2rcmfc6p2dg9u9ohc3hw9\gradle-3.3\lib\gradle-launcher-3.3.jar
Launcher Type: SUN_STANDARD

Environment Variables:
PATH=C:\Windows\system32;C:\Windows;C:\Windows\System32\Wbem;C:\Windows\System32\WindowsPowerShell\v1.0\;C:\Program Files\Git\cmd;C:\Users\Lukas\AppData\Local\Microsoft\WindowsApps;
USERNAME=Lukas
OS=Windows_NT
PROCESSOR_IDENTIFIER=AMD64 Family 21 Model 19 Stepping 1, AuthenticAMD



---------------  S Y S T E M  ---------------

OS: Windows 10.0 , 64 bit Build 15063 (10.0.15063.0)

CPU:total 4 (4 cores per cpu, 1 threads per core) family 21 model 19 stepping 1, cmov, cx8, fxsr, mmx, sse, sse2, sse3, ssse3, sse4.1, sse4.2, popcnt, avx, aes, clmul, mmxext, 3dnowpref, lzcnt, sse4a, tsc, tscinvbit, tscinv, bmi1

Memory: 4k page, physical 7541548k(4974872k free), swap 9442092k(6787228k free)

vm_info: OpenJDK 64-Bit Server VM (25.112-b06) for windows-amd64 JRE (1.8.0_112-release-b06), built on Dec  8 2016 00:54:26 by "builder" with MS VC++ 10.0 (VS2010)

time: Sun Sep 10 18:09:14 2017
elapsed time: 3 seconds (0d 0h 0m 3s)

